{
  "RSpec": {
    "coverage": {
      "/Users/hani-sagal/turing_work/1mod/futbol/futbol/lib/stat_tracker.rb": {
        "lines": [
          1,
          1,
          1,
          null,
          1,
          1,
          null,
          null,
          null,
          null,
          null,
          null,
          1,
          5,
          5,
          5,
          5,
          5,
          5,
          null,
          5,
          null,
          null,
          1,
          3,
          null,
          null,
          1,
          5,
          5,
          5,
          null,
          null,
          null,
          null,
          null,
          null,
          null,
          null,
          null,
          null
        ]
      },
      "/Users/hani-sagal/turing_work/1mod/futbol/futbol/lib/games.rb": {
        "lines": [
          1,
          null,
          null,
          null,
          null,
          1,
          null,
          1,
          null,
          1,
          null,
          null,
          null,
          null,
          null,
          null,
          1,
          44686,
          44686,
          44686,
          44686,
          44686,
          44686,
          null,
          null,
          1,
          null,
          7,
          null,
          44656,
          null,
          null,
          7,
          null,
          null,
          1,
          4,
          null,
          null,
          1,
          2,
          null,
          null,
          null
        ]
      },
      "/Users/hani-sagal/turing_work/1mod/futbol/futbol/lib/teams.rb": {
        "lines": [
          1,
          1,
          null,
          null,
          1,
          null,
          1,
          199,
          199,
          null,
          null,
          1,
          7,
          197,
          197,
          null,
          null,
          7,
          null,
          null,
          1,
          9,
          null,
          null,
          null,
          null,
          null,
          1,
          2,
          null,
          null
        ]
      },
      "/Users/hani-sagal/turing_work/1mod/futbol/futbol/lib/game_teams.rb": {
        "lines": [
          1,
          1,
          null,
          1,
          null,
          null,
          null,
          null,
          null,
          null,
          null,
          null,
          1,
          89296,
          89296,
          89296,
          89296,
          89296,
          89296,
          89296,
          89296,
          null,
          89296,
          null,
          null,
          1,
          7,
          89294,
          null,
          null,
          null,
          null,
          null,
          null,
          null,
          null,
          null,
          null,
          null,
          null,
          1,
          24,
          null,
          null,
          null,
          null,
          null,
          1,
          2,
          null,
          null
        ]
      },
      "/Users/hani-sagal/turing_work/1mod/futbol/futbol/lib/stat_calculator.rb": {
        "lines": [
          1,
          1,
          null,
          null,
          null,
          1,
          4,
          4,
          4,
          null,
          null,
          1,
          0,
          null,
          null,
          1,
          1,
          1,
          1,
          null,
          1,
          7441,
          7441,
          7441,
          null,
          null,
          1,
          null,
          1,
          1,
          null,
          null,
          1,
          1,
          null,
          1,
          7441,
          null,
          7441,
          null,
          7441,
          7441,
          null,
          null,
          1,
          null,
          1,
          6,
          null,
          null,
          1,
          null,
          null,
          1,
          1,
          1,
          7441,
          7441,
          6,
          null,
          null,
          1,
          null,
          null,
          1,
          1,
          1,
          7441,
          7441,
          0,
          null,
          null,
          1,
          null,
          null,
          1,
          1,
          null,
          null,
          null,
          1,
          6,
          6,
          null,
          null,
          22326,
          3,
          null,
          null,
          null,
          1,
          7443,
          null,
          null,
          null,
          1,
          7443,
          null,
          null,
          null,
          1,
          7443,
          null,
          null,
          null,
          null,
          1,
          null,
          2,
          14882,
          null,
          null,
          36,
          null,
          null,
          2,
          29764,
          null,
          1612,
          1612,
          1612,
          null,
          null,
          null,
          2,
          34,
          null,
          null,
          2,
          null,
          null,
          1,
          null,
          2,
          14882,
          null,
          null,
          36,
          null,
          null,
          2,
          29764,
          null,
          1612,
          1612,
          1612,
          null,
          null,
          null,
          2,
          34,
          null,
          null,
          2,
          null,
          null,
          1,
          33,
          null,
          1,
          7441,
          null,
          null,
          null,
          null,
          1,
          32,
          null,
          null,
          1,
          32,
          null,
          null,
          1,
          null,
          1,
          19,
          null,
          null,
          1,
          null,
          null,
          1,
          33,
          null,
          1,
          7441,
          null,
          null,
          1,
          32,
          null,
          null,
          1,
          32,
          null,
          null,
          1,
          null,
          1,
          5,
          null,
          null,
          1,
          null,
          null,
          1,
          1,
          1,
          7441,
          7441,
          6,
          null,
          7435,
          null,
          null,
          1,
          null,
          null,
          1,
          33,
          null,
          1,
          7441,
          null,
          null,
          1,
          32,
          null,
          null,
          1,
          32,
          null,
          null,
          1,
          null,
          1,
          28,
          null,
          null,
          1,
          null,
          null,
          1,
          33,
          null,
          1,
          7441,
          null,
          null,
          1,
          32,
          null,
          null,
          1,
          32,
          null,
          null,
          1,
          null,
          1,
          30,
          null,
          null,
          1,
          null,
          null,
          1,
          33,
          null,
          1,
          14882,
          14882,
          14882,
          null,
          null,
          1,
          32,
          null,
          null,
          null,
          29,
          1,
          null,
          null,
          1,
          33,
          null,
          1,
          14882,
          14882,
          14882,
          null,
          null,
          1,
          32,
          null,
          null,
          null,
          31,
          1,
          null,
          null,
          1,
          2,
          2,
          14882,
          2642,
          null,
          null,
          null,
          2,
          2,
          29764,
          5284,
          5284,
          null,
          null,
          null,
          2,
          2,
          2,
          60,
          9,
          9,
          null,
          null,
          null,
          2,
          23,
          2,
          null,
          null,
          null,
          null,
          1,
          2,
          2,
          14882,
          2642,
          null,
          null,
          null,
          2,
          2,
          29764,
          5284,
          5284,
          null,
          null,
          null,
          2,
          2,
          2,
          60,
          8,
          8,
          null,
          null,
          null,
          2,
          16,
          2,
          null,
          null,
          null,
          null
        ]
      },
      "/Users/hani-sagal/turing_work/1mod/futbol/futbol/spec/game_teams_spec.rb": {
        "lines": [
          1,
          null,
          1,
          1,
          1,
          1,
          null,
          1,
          2,
          null,
          null,
          null,
          null,
          null,
          null,
          null,
          null,
          null,
          null,
          null,
          null,
          1,
          1,
          1,
          null,
          null,
          1,
          1,
          1,
          1,
          1,
          1,
          1,
          1,
          1,
          null,
          null,
          1,
          1,
          1,
          1,
          1,
          1,
          1,
          1,
          1,
          null,
          null,
          null,
          1,
          1,
          1,
          1,
          null,
          1,
          2,
          null,
          null,
          1,
          null,
          null,
          null,
          null,
          1,
          1,
          1,
          1,
          1,
          null,
          null,
          1,
          1,
          null,
          null,
          1,
          1,
          1,
          1,
          1,
          1,
          1,
          1,
          1,
          null,
          null,
          1,
          1,
          1,
          1,
          1,
          1,
          1,
          1,
          1,
          null,
          1,
          null,
          null,
          null,
          null
        ]
      },
      "/Users/hani-sagal/turing_work/1mod/futbol/futbol/spec/games_spec.rb": {
        "lines": [
          1,
          1,
          null,
          1,
          1,
          3,
          null,
          null,
          3,
          30,
          null,
          null,
          null,
          null,
          null,
          null,
          null,
          null,
          null,
          null,
          1,
          1,
          null,
          1,
          10,
          null,
          null,
          null,
          1,
          1,
          1,
          1,
          1,
          1,
          null,
          null,
          null,
          null,
          1,
          1,
          null,
          1,
          1,
          1,
          10,
          null,
          null,
          1,
          1,
          1,
          1,
          1,
          1,
          null,
          null,
          null,
          null
        ]
      },
      "/Users/hani-sagal/turing_work/1mod/futbol/futbol/spec/stat_calculator_spec.rb": {
        "lines": [
          1,
          null,
          1,
          1,
          1,
          1,
          1,
          null,
          1,
          1,
          1,
          1,
          null,
          null,
          1,
          1,
          1,
          null,
          null,
          1,
          1,
          1,
          null,
          null,
          1,
          1,
          1,
          1,
          null,
          null,
          null,
          1,
          1,
          1,
          null,
          null,
          null,
          1,
          1,
          1,
          null,
          null,
          null,
          null,
          null,
          null,
          null,
          1,
          null,
          null,
          null,
          1,
          1,
          1,
          1,
          null,
          null,
          null,
          1,
          1,
          1,
          null,
          null,
          null,
          1,
          1,
          1,
          null,
          null,
          null,
          null,
          null,
          1,
          1,
          null,
          7442,
          1,
          1,
          null,
          1,
          null,
          null,
          1,
          1,
          1,
          null,
          null,
          null,
          null,
          1,
          1,
          null,
          7442,
          1,
          1,
          null,
          1,
          null,
          null,
          1,
          1,
          1,
          null,
          null,
          null,
          null,
          1,
          1,
          null,
          7442,
          1,
          1,
          null,
          1,
          null,
          null,
          1,
          1,
          1,
          null,
          null,
          null,
          null,
          null,
          1,
          null,
          1,
          1,
          null,
          null,
          null,
          1,
          1,
          null,
          null,
          null,
          1,
          null,
          1,
          1,
          null,
          null,
          null,
          1,
          1,
          null,
          null,
          1,
          1,
          1,
          null,
          null,
          null,
          1,
          1,
          1,
          null,
          null,
          null,
          1,
          1,
          1,
          null,
          null,
          null,
          null,
          null,
          null,
          null,
          1,
          null,
          null,
          null,
          1,
          1,
          1,
          null,
          null,
          null,
          1,
          1,
          1,
          null,
          null,
          null,
          1,
          1,
          1,
          null,
          null,
          null,
          1,
          1,
          1,
          null,
          null,
          null,
          1,
          1,
          1,
          1,
          null,
          null,
          null,
          1,
          1,
          1,
          1,
          null,
          null,
          null
        ]
      },
      "/Users/hani-sagal/turing_work/1mod/futbol/futbol/spec/stat_tracker_spec.rb": {
        "lines": [
          1,
          null,
          1,
          1,
          1,
          1,
          1,
          null,
          null,
          1,
          null,
          null,
          null,
          null,
          null,
          1,
          1,
          1,
          1,
          null,
          null,
          1,
          1,
          1,
          1,
          1,
          1,
          1,
          1,
          null,
          null,
          null,
          1,
          1,
          1,
          1,
          null,
          null,
          1,
          1,
          1,
          1,
          1,
          null,
          null,
          null,
          1,
          1,
          1,
          1,
          1,
          1,
          1,
          1,
          1,
          null,
          null,
          null
        ]
      },
      "/Users/hani-sagal/turing_work/1mod/futbol/futbol/spec/teams_spec.rb": {
        "lines": [
          1,
          1,
          null,
          1,
          1,
          1,
          1,
          1,
          null,
          null,
          1,
          1,
          1,
          1,
          1,
          null,
          null,
          null,
          1,
          1,
          1,
          1,
          null,
          1,
          5,
          null,
          null,
          1,
          null,
          null,
          1,
          1,
          1,
          1,
          1,
          1,
          null,
          null,
          null
        ]
      }
    },
    "timestamp": 1731340589
  }
}
